<?xml version="1.0" encoding="UTF-8"?>
<testsuite name="com.epam.esm.mapper.impl.TagDtoMapperImplTest" tests="1" skipped="0" failures="0" errors="0" timestamp="2021-02-04T19:17:25" hostname="DESKTOP-N99POAQ" time="0.013">
  <properties/>
  <testcase name="changeCertificateDtoToTagList()" classname="com.epam.esm.mapper.impl.TagDtoMapperImplTest" time="0.013"/>
  <system-out><![CDATA[]]></system-out>
  <system-err><![CDATA[]]></system-err>
</testsuite>
